{"/Users/nbujevic/src/property/property-mapping-client/src/App.tsx": {"path":"/Users/nbujevic/src/property/property-mapping-client/src/App.tsx","statementMap":{"0":{"start":{"line":1,"column":0},"end":{"line":1,"column":40}},"1":{"start":{"line":3,"column":0},"end":{"line":3,"column":19}},"2":{"start":{"line":5,"column":0},"end":{"line":5,"column":67}},"3":{"start":{"line":7,"column":0},"end":{"line":7,"column":45}},"4":{"start":{"line":8,"column":0},"end":{"line":8,"column":41}},"5":{"start":{"line":10,"column":0},"end":{"line":10,"column":61}},"6":{"start":{"line":11,"column":0},"end":{"line":11,"column":32}},"7":{"start":{"line":12,"column":0},"end":{"line":12,"column":47}},"8":{"start":{"line":15,"column":48},"end":{"line":15,"column":63}},"9":{"start":{"line":15,"column":24},"end":{"line":15,"column":26}},"10":{"start":{"line":15,"column":44},"end":{"line":15,"column":48}},"11":{"start":{"line":16,"column":48},"end":{"line":16,"column":60}},"12":{"start":{"line":16,"column":24},"end":{"line":16,"column":26}},"13":{"start":{"line":16,"column":44},"end":{"line":16,"column":48}},"14":{"start":{"line":18,"column":2},"end":{"line":53,"column":4}},"15":{"start":{"line":31,"column":29},"end":{"line":31,"column":null}},"16":{"start":{"line":56,"column":0},"end":{"line":56,"column":19}}},"fnMap":{"0":{"name":"App","decl":{"start":{"line":14,"column":9},"end":{"line":14,"column":12}},"loc":{"start":{"line":14,"column":12},"end":{"line":54,"column":1}}},"1":{"name":"(anonymous_2)","decl":{"start":{"line":31,"column":23},"end":{"line":31,"column":29}},"loc":{"start":{"line":31,"column":23},"end":{"line":31,"column":47}}}},"branchMap":{},"s":{"0":1,"1":1,"2":1,"3":1,"4":1,"5":1,"6":1,"7":1,"8":6,"9":5,"10":5,"11":5,"12":5,"13":5,"14":5,"15":0,"16":1},"f":{"0":6,"1":0},"b":{}}
,"/Users/nbujevic/src/property/property-mapping-client/src/theme.tsx": {"path":"/Users/nbujevic/src/property/property-mapping-client/src/theme.tsx","statementMap":{"0":{"start":{"line":1,"column":0},"end":{"line":1,"column":44}},"1":{"start":{"line":3,"column":13},"end":{"line":15,"column":3}}},"fnMap":{},"branchMap":{},"s":{"0":1,"1":1},"f":{},"b":{}}
,"/Users/nbujevic/src/property/property-mapping-client/src/components/DirectionSelection.tsx": {"path":"/Users/nbujevic/src/property/property-mapping-client/src/components/DirectionSelection.tsx","statementMap":{"0":{"start":{"line":13,"column":0},"end":{"line":13,"column":16}},"1":{"start":{"line":1,"column":0},"end":{"line":1,"column":null}},"2":{"start":{"line":8,"column":0},"end":{"line":8,"column":48}},"3":{"start":{"line":9,"column":0},"end":{"line":9,"column":48}},"4":{"start":{"line":10,"column":0},"end":{"line":10,"column":64}},"5":{"start":{"line":14,"column":2},"end":{"line":34,"column":17}}},"fnMap":{"0":{"name":"DirectionSelection","decl":{"start":{"line":13,"column":16},"end":{"line":13,"column":34}},"loc":{"start":{"line":13,"column":133},"end":{"line":35,"column":1}}}},"branchMap":{},"s":{"0":2,"1":2,"2":2,"3":2,"4":2,"5":10},"f":{"0":10},"b":{}}
,"/Users/nbujevic/src/property/property-mapping-client/src/components/Header.tsx": {"path":"/Users/nbujevic/src/property/property-mapping-client/src/components/Header.tsx","statementMap":{"0":{"start":{"line":1,"column":0},"end":{"line":1,"column":45}},"1":{"start":{"line":2,"column":0},"end":{"line":2,"column":44}},"2":{"start":{"line":4,"column":0},"end":{"line":4,"column":9}},"3":{"start":{"line":5,"column":38},"end":{"line":5,"column":50}},"4":{"start":{"line":5,"column":19},"end":{"line":5,"column":21}},"5":{"start":{"line":5,"column":34},"end":{"line":5,"column":38}},"6":{"start":{"line":7,"column":52},"end":{"line":7,"column":66}},"7":{"start":{"line":7,"column":26},"end":{"line":7,"column":28}},"8":{"start":{"line":7,"column":48},"end":{"line":7,"column":52}},"9":{"start":{"line":9,"column":2},"end":{"line":17,"column":9}},"10":{"start":{"line":11,"column":23},"end":{"line":11,"column":null}},"11":{"start":{"line":11,"column":12},"end":{"line":11,"column":null}},"12":{"start":{"line":12,"column":18},"end":{"line":12,"column":null}},"13":{"start":{"line":12,"column":12},"end":{"line":12,"column":null}},"14":{"start":{"line":13,"column":6},"end":{"line":13,"column":25}},"15":{"start":{"line":15,"column":4},"end":{"line":16,"column":40}},"16":{"start":{"line":16,"column":20},"end":{"line":16,"column":39}},"17":{"start":{"line":21,"column":34},"end":{"line":38,"column":4}},"18":{"start":{"line":24,"column":23},"end":{"line":24,"column":null}},"19":{"start":{"line":24,"column":12},"end":{"line":24,"column":null}},"20":{"start":{"line":26,"column":6},"end":{"line":28,"column":5}},"21":{"start":{"line":27,"column":7},"end":{"line":27,"column":46}},"22":{"start":{"line":30,"column":23},"end":{"line":30,"column":null}},"23":{"start":{"line":30,"column":10},"end":{"line":30,"column":null}},"24":{"start":{"line":32,"column":4},"end":{"line":32,"column":37}},"25":{"start":{"line":33,"column":4},"end":{"line":33,"column":28}},"26":{"start":{"line":36,"column":4},"end":{"line":36,"column":74}},"27":{"start":{"line":40,"column":2},"end":{"line":53,"column":4}},"28":{"start":{"line":56,"column":0},"end":{"line":56,"column":22}}},"fnMap":{"0":{"name":"Header","decl":{"start":{"line":4,"column":9},"end":{"line":4,"column":15}},"loc":{"start":{"line":4,"column":15},"end":{"line":54,"column":1}}},"1":{"name":"(anonymous_14)","decl":{"start":{"line":9,"column":12},"end":{"line":9,"column":null}},"loc":{"start":{"line":9,"column":12},"end":{"line":17,"column":3}}},"2":{"name":"getInstallUrl","decl":{"start":{"line":10,"column":19},"end":{"line":10,"column":32}},"loc":{"start":{"line":10,"column":32},"end":{"line":14,"column":null}}},"3":{"name":"(anonymous_18)","decl":{"start":{"line":16,"column":13},"end":{"line":16,"column":16}},"loc":{"start":{"line":16,"column":16},"end":{"line":16,"column":27}}},"4":{"name":"(anonymous_19)","decl":{"start":{"line":21,"column":34},"end":{"line":21,"column":null}},"loc":{"start":{"line":21,"column":34},"end":{"line":38,"column":4}}}},"branchMap":{"0":{"loc":{"start":{"line":11,"column":23},"end":{"line":11,"column":null}},"type":"switch","locations":[{"start":{"line":11,"column":23},"end":{"line":11,"column":null}}]},"1":{"loc":{"start":{"line":26,"column":6},"end":{"line":28,"column":5}},"type":"if","locations":[{"start":{"line":26,"column":6},"end":{"line":28,"column":5}}]}},"s":{"0":1,"1":1,"2":5,"3":5,"4":5,"5":5,"6":5,"7":5,"8":5,"9":5,"10":5,"11":0,"12":0,"13":0,"14":0,"15":5,"16":5,"17":5,"18":0,"19":0,"20":0,"21":0,"22":0,"23":0,"24":0,"25":0,"26":0,"27":5,"28":1},"f":{"0":5,"1":5,"2":5,"3":5,"4":0},"b":{"0":[5],"1":[0]}}
,"/Users/nbujevic/src/property/property-mapping-client/src/components/MappingContainer.tsx": {"path":"/Users/nbujevic/src/property/property-mapping-client/src/components/MappingContainer.tsx","statementMap":{"0":{"start":{"line":1,"column":0},"end":{"line":1,"column":72}},"1":{"start":{"line":2,"column":0},"end":{"line":2,"column":46}},"2":{"start":{"line":4,"column":0},"end":{"line":4,"column":46}},"3":{"start":{"line":6,"column":0},"end":{"line":6,"column":null}},"4":{"start":{"line":17,"column":0},"end":{"line":17,"column":71}},"5":{"start":{"line":18,"column":0},"end":{"line":18,"column":49}},"6":{"start":{"line":25,"column":24},"end":{"line":25,"column":30}},"7":{"start":{"line":29,"column":66},"end":{"line":29,"column":81}},"8":{"start":{"line":29,"column":33},"end":{"line":29,"column":35}},"9":{"start":{"line":29,"column":62},"end":{"line":29,"column":66}},"10":{"start":{"line":31,"column":52},"end":{"line":31,"column":76}},"11":{"start":{"line":31,"column":26},"end":{"line":31,"column":28}},"12":{"start":{"line":31,"column":48},"end":{"line":31,"column":52}},"13":{"start":{"line":33,"column":4},"end":{"line":33,"column":37}},"14":{"start":{"line":32,"column":37},"end":{"line":32,"column":39}},"15":{"start":{"line":32,"column":70},"end":{"line":32,"column":null}},"16":{"start":{"line":35,"column":29},"end":{"line":37,"column":3}},"17":{"start":{"line":36,"column":4},"end":{"line":36,"column":null}},"18":{"start":{"line":39,"column":2},"end":{"line":58,"column":9}},"19":{"start":{"line":42,"column":25},"end":{"line":42,"column":null}},"20":{"start":{"line":42,"column":14},"end":{"line":42,"column":null}},"21":{"start":{"line":43,"column":8},"end":{"line":45,"column":9}},"22":{"start":{"line":44,"column":10},"end":{"line":44,"column":78}},"23":{"start":{"line":46,"column":46},"end":{"line":46,"column":93}},"24":{"start":{"line":46,"column":14},"end":{"line":46,"column":null}},"25":{"start":{"line":47,"column":8},"end":{"line":47,"column":null}},"26":{"start":{"line":48,"column":8},"end":{"line":48,"column":null}},"27":{"start":{"line":49,"column":8},"end":{"line":49,"column":70}},"28":{"start":{"line":51,"column":8},"end":{"line":51,"column":80}},"29":{"start":{"line":55,"column":4},"end":{"line":56,"column":40}},"30":{"start":{"line":56,"column":20},"end":{"line":56,"column":39}},"31":{"start":{"line":60,"column":2},"end":{"line":84,"column":9}},"32":{"start":{"line":62,"column":32},"end":{"line":62,"column":null}},"33":{"start":{"line":62,"column":12},"end":{"line":62,"column":null}},"34":{"start":{"line":63,"column":6},"end":{"line":63,"column":null}},"35":{"start":{"line":64,"column":6},"end":{"line":64,"column":null}},"36":{"start":{"line":65,"column":6},"end":{"line":78,"column":7}},"37":{"start":{"line":67,"column":8},"end":{"line":69,"column":10}},"38":{"start":{"line":70,"column":8},"end":{"line":70,"column":14}},"39":{"start":{"line":72,"column":8},"end":{"line":74,"column":10}},"40":{"start":{"line":75,"column":8},"end":{"line":75,"column":14}},"41":{"start":{"line":77,"column":8},"end":{"line":77,"column":43}},"42":{"start":{"line":81,"column":4},"end":{"line":82,"column":40}},"43":{"start":{"line":82,"column":20},"end":{"line":82,"column":39}},"44":{"start":{"line":85,"column":39},"end":{"line":93,"column":3}},"45":{"start":{"line":88,"column":4},"end":{"line":92,"column":6}},"46":{"start":{"line":90,"column":8},"end":{"line":90,"column":71}},"47":{"start":{"line":95,"column":2},"end":{"line":115,"column":4}},"48":{"start":{"line":102,"column":10},"end":{"line":108,"column":12}},"49":{"start":{"line":118,"column":0},"end":{"line":118,"column":32}}},"fnMap":{"0":{"name":"MappingContainer","decl":{"start":{"line":20,"column":9},"end":{"line":20,"column":25}},"loc":{"start":{"line":24,"column":1},"end":{"line":116,"column":1}}},"1":{"name":"(anonymous_15)","decl":{"start":{"line":35,"column":29},"end":{"line":35,"column":null}},"loc":{"start":{"line":35,"column":29},"end":{"line":37,"column":3}}},"2":{"name":"(anonymous_16)","decl":{"start":{"line":39,"column":12},"end":{"line":39,"column":null}},"loc":{"start":{"line":39,"column":12},"end":{"line":58,"column":3}}},"3":{"name":"getNativePropertiesWithMappings","decl":{"start":{"line":40,"column":19},"end":{"line":40,"column":50}},"loc":{"start":{"line":40,"column":50},"end":{"line":53,"column":null}}},"4":{"name":"(anonymous_20)","decl":{"start":{"line":56,"column":13},"end":{"line":56,"column":16}},"loc":{"start":{"line":56,"column":16},"end":{"line":56,"column":27}}},"5":{"name":"(anonymous_21)","decl":{"start":{"line":60,"column":12},"end":{"line":60,"column":null}},"loc":{"start":{"line":60,"column":12},"end":{"line":84,"column":3}}},"6":{"name":"checkHubspotProperties","decl":{"start":{"line":61,"column":19},"end":{"line":61,"column":41}},"loc":{"start":{"line":61,"column":41},"end":{"line":79,"column":null}}},"7":{"name":"(anonymous_25)","decl":{"start":{"line":82,"column":13},"end":{"line":82,"column":16}},"loc":{"start":{"line":82,"column":16},"end":{"line":82,"column":27}}},"8":{"name":"(anonymous_26)","decl":{"start":{"line":85,"column":39},"end":{"line":85,"column":null}},"loc":{"start":{"line":86,"column":55},"end":{"line":93,"column":3}}},"9":{"name":"(anonymous_27)","decl":{"start":{"line":89,"column":6},"end":{"line":89,"column":7}},"loc":{"start":{"line":89,"column":53},"end":{"line":91,"column":7}}},"10":{"name":"(anonymous_28)","decl":{"start":{"line":101,"column":8},"end":{"line":101,"column":9}},"loc":{"start":{"line":101,"column":34},"end":{"line":109,"column":9}}}},"branchMap":{"0":{"loc":{"start":{"line":43,"column":8},"end":{"line":45,"column":9}},"type":"if","locations":[{"start":{"line":43,"column":8},"end":{"line":45,"column":9}}]},"1":{"loc":{"start":{"line":62,"column":32},"end":{"line":62,"column":null}},"type":"switch","locations":[{"start":{"line":62,"column":32},"end":{"line":62,"column":null}}]},"2":{"loc":{"start":{"line":65,"column":6},"end":{"line":78,"column":7}},"type":"switch","locations":[{"start":{"line":66,"column":6},"end":{"line":70,"column":14}},{"start":{"line":71,"column":6},"end":{"line":75,"column":14}},{"start":{"line":76,"column":6},"end":{"line":77,"column":43}}]},"3":{"loc":{"start":{"line":95,"column":9},"end":{"line":113,"column":null}},"type":"cond-expr","locations":[{"start":{"line":96,"column":4},"end":{"line":96,"column":54}},{"start":{"line":98,"column":4},"end":{"line":112,"column":null}}]},"4":{"loc":{"start":{"line":111,"column":65},"end":{"line":111,"column":117}},"type":"cond-expr","locations":[{"start":{"line":111,"column":92},"end":{"line":111,"column":106}},{"start":{"line":111,"column":109},"end":{"line":111,"column":117}}]}},"s":{"0":2,"1":2,"2":2,"3":2,"4":2,"5":2,"6":23,"7":21,"8":21,"9":21,"10":21,"11":21,"12":21,"13":21,"14":21,"15":21,"16":21,"17":2,"18":21,"19":12,"20":4,"21":3,"22":0,"23":3,"24":3,"25":3,"26":3,"27":3,"28":8,"29":12,"30":0,"31":21,"32":12,"33":12,"34":12,"35":12,"36":12,"37":11,"38":11,"39":1,"40":1,"41":0,"42":12,"43":0,"44":21,"45":5,"46":6,"47":21,"48":5,"49":2},"f":{"0":23,"1":2,"2":12,"3":12,"4":0,"5":12,"6":12,"7":0,"8":5,"9":6,"10":5},"b":{"0":[0],"1":[12],"2":[11,1,0],"3":[16,5],"4":[1,4]}}
,"/Users/nbujevic/src/property/property-mapping-client/src/components/MappingDisplay.tsx": {"path":"/Users/nbujevic/src/property/property-mapping-client/src/components/MappingDisplay.tsx","statementMap":{"0":{"start":{"line":1,"column":0},"end":{"line":1,"column":null}},"1":{"start":{"line":9,"column":0},"end":{"line":9,"column":46}},"2":{"start":{"line":10,"column":0},"end":{"line":10,"column":51}},"3":{"start":{"line":11,"column":0},"end":{"line":11,"column":92}},"4":{"start":{"line":12,"column":0},"end":{"line":12,"column":58}},"5":{"start":{"line":13,"column":0},"end":{"line":13,"column":48}},"6":{"start":{"line":21,"column":13},"end":{"line":28,"column":3}},"7":{"start":{"line":21,"column":35},"end":{"line":21,"column":37}},"8":{"start":{"line":21,"column":42},"end":{"line":28,"column":3}},"9":{"start":{"line":30,"column":25},"end":{"line":45,"column":1}},"10":{"start":{"line":31,"column":2},"end":{"line":34,"column":3}},"11":{"start":{"line":32,"column":4},"end":{"line":32,"column":null}},"12":{"start":{"line":35,"column":2},"end":{"line":38,"column":3}},"13":{"start":{"line":36,"column":4},"end":{"line":36,"column":null}},"14":{"start":{"line":39,"column":2},"end":{"line":42,"column":3}},"15":{"start":{"line":40,"column":4},"end":{"line":40,"column":null}},"16":{"start":{"line":43,"column":2},"end":{"line":43,"column":null}},"17":{"start":{"line":47,"column":32},"end":{"line":59,"column":1}},"18":{"start":{"line":48,"column":2},"end":{"line":50,"column":3}},"19":{"start":{"line":49,"column":4},"end":{"line":49,"column":null}},"20":{"start":{"line":51,"column":34},"end":{"line":57,"column":null}},"21":{"start":{"line":58,"column":2},"end":{"line":58,"column":null}},"22":{"start":{"line":61,"column":0},"end":{"line":61,"column":9}},"23":{"start":{"line":62,"column":59},"end":{"line":62,"column":65}},"24":{"start":{"line":63,"column":32},"end":{"line":63,"column":58}},"25":{"start":{"line":64,"column":61},"end":{"line":64,"column":70}},"26":{"start":{"line":66,"column":24},"end":{"line":66,"column":38}},"27":{"start":{"line":67,"column":42},"end":{"line":67,"column":55}},"28":{"start":{"line":67,"column":19},"end":{"line":67,"column":21}},"29":{"start":{"line":67,"column":23},"end":{"line":67,"column":25}},"30":{"start":{"line":67,"column":37},"end":{"line":67,"column":42}},"31":{"start":{"line":68,"column":39},"end":{"line":74,"column":4}},"32":{"start":{"line":75,"column":25},"end":{"line":75,"column":56}},"33":{"start":{"line":76,"column":25},"end":{"line":76,"column":57}},"34":{"start":{"line":77,"column":28},"end":{"line":78,"column":null}},"35":{"start":{"line":77,"column":14},"end":{"line":77,"column":16}},"36":{"start":{"line":77,"column":24},"end":{"line":77,"column":28}},"37":{"start":{"line":80,"column":38},"end":{"line":80,"column":58}},"38":{"start":{"line":80,"column":19},"end":{"line":80,"column":21}},"39":{"start":{"line":80,"column":34},"end":{"line":80,"column":38}},"40":{"start":{"line":81,"column":44},"end":{"line":82,"column":null}},"41":{"start":{"line":81,"column":22},"end":{"line":81,"column":24}},"42":{"start":{"line":81,"column":40},"end":{"line":81,"column":44}},"43":{"start":{"line":85,"column":44},"end":{"line":85,"column":92}},"44":{"start":{"line":85,"column":22},"end":{"line":85,"column":24}},"45":{"start":{"line":85,"column":40},"end":{"line":85,"column":44}},"46":{"start":{"line":88,"column":4},"end":{"line":90,"column":5}},"47":{"start":{"line":89,"column":6},"end":{"line":89,"column":47}},"48":{"start":{"line":92,"column":21},"end":{"line":95,"column":null}},"49":{"start":{"line":92,"column":10},"end":{"line":95,"column":null}},"50":{"start":{"line":97,"column":30},"end":{"line":97,"column":63}},"51":{"start":{"line":97,"column":12},"end":{"line":97,"column":null}},"52":{"start":{"line":98,"column":6},"end":{"line":98,"column":null}},"53":{"start":{"line":100,"column":6},"end":{"line":100,"column":27}},"54":{"start":{"line":104,"column":2},"end":{"line":142,"column":29}},"55":{"start":{"line":106,"column":6},"end":{"line":108,"column":7}},"56":{"start":{"line":107,"column":8},"end":{"line":107,"column":21}},"57":{"start":{"line":109,"column":12},"end":{"line":117,"column":8}},"58":{"start":{"line":120,"column":25},"end":{"line":126,"column":null}},"59":{"start":{"line":120,"column":14},"end":{"line":126,"column":null}},"60":{"start":{"line":128,"column":8},"end":{"line":130,"column":9}},"61":{"start":{"line":129,"column":10},"end":{"line":129,"column":68}},"62":{"start":{"line":132,"column":22},"end":{"line":132,"column":55}},"63":{"start":{"line":132,"column":14},"end":{"line":132,"column":null}},"64":{"start":{"line":133,"column":8},"end":{"line":133,"column":null}},"65":{"start":{"line":134,"column":8},"end":{"line":134,"column":null}},"66":{"start":{"line":136,"column":8},"end":{"line":136,"column":60}},"67":{"start":{"line":139,"column":4},"end":{"line":140,"column":40}},"68":{"start":{"line":140,"column":20},"end":{"line":140,"column":39}},"69":{"start":{"line":144,"column":32},"end":{"line":160,"column":3}},"70":{"start":{"line":145,"column":4},"end":{"line":148,"column":5}},"71":{"start":{"line":146,"column":6},"end":{"line":146,"column":56}},"72":{"start":{"line":147,"column":6},"end":{"line":147,"column":13}},"73":{"start":{"line":150,"column":34},"end":{"line":150,"column":47}},"74":{"start":{"line":151,"column":4},"end":{"line":154,"column":5}},"75":{"start":{"line":152,"column":6},"end":{"line":152,"column":57}},"76":{"start":{"line":153,"column":6},"end":{"line":153,"column":13}},"77":{"start":{"line":155,"column":4},"end":{"line":158,"column":5}},"78":{"start":{"line":156,"column":6},"end":{"line":156,"column":57}},"79":{"start":{"line":157,"column":6},"end":{"line":157,"column":13}},"80":{"start":{"line":159,"column":4},"end":{"line":159,"column":46}},"81":{"start":{"line":162,"column":30},"end":{"line":175,"column":4}},"82":{"start":{"line":164,"column":26},"end":{"line":175,"column":4}},"83":{"start":{"line":166,"column":8},"end":{"line":166,"column":13}},"84":{"start":{"line":168,"column":6},"end":{"line":168,"column":54}},"85":{"start":{"line":170,"column":6},"end":{"line":170,"column":22}},"86":{"start":{"line":172,"column":6},"end":{"line":172,"column":45}},"87":{"start":{"line":173,"column":6},"end":{"line":173,"column":22}},"88":{"start":{"line":176,"column":2},"end":{"line":211,"column":4}},"89":{"start":{"line":191,"column":41},"end":{"line":191,"column":null}},"90":{"start":{"line":194,"column":12},"end":{"line":196,"column":14}},"91":{"start":{"line":201,"column":12},"end":{"line":201,"column":41}},"92":{"start":{"line":205,"column":12},"end":{"line":205,"column":46}},"93":{"start":{"line":214,"column":0},"end":{"line":214,"column":30}}},"fnMap":{"0":{"name":"(anonymous_15)","decl":{"start":{"line":21,"column":27},"end":{"line":21,"column":28}},"loc":{"start":{"line":21,"column":37},"end":{"line":21,"column":null}}},"1":{"name":"(anonymous_16)","decl":{"start":{"line":30,"column":25},"end":{"line":30,"column":26}},"loc":{"start":{"line":30,"column":53},"end":{"line":45,"column":1}}},"2":{"name":"(anonymous_17)","decl":{"start":{"line":47,"column":32},"end":{"line":47,"column":33}},"loc":{"start":{"line":47,"column":60},"end":{"line":59,"column":1}}},"3":{"name":"MappingDisplay","decl":{"start":{"line":61,"column":9},"end":{"line":61,"column":23}},"loc":{"start":{"line":61,"column":50},"end":{"line":212,"column":1}}},"4":{"name":"deleteMapping","decl":{"start":{"line":86,"column":17},"end":{"line":86,"column":30}},"loc":{"start":{"line":86,"column":60},"end":{"line":102,"column":null}}},"5":{"name":"(anonymous_22)","decl":{"start":{"line":104,"column":12},"end":{"line":104,"column":null}},"loc":{"start":{"line":104,"column":12},"end":{"line":142,"column":3}}},"6":{"name":"saveMapping","decl":{"start":{"line":105,"column":19},"end":{"line":105,"column":30}},"loc":{"start":{"line":105,"column":30},"end":{"line":138,"column":null}}},"7":{"name":"(anonymous_26)","decl":{"start":{"line":140,"column":13},"end":{"line":140,"column":16}},"loc":{"start":{"line":140,"column":16},"end":{"line":140,"column":27}}},"8":{"name":"(anonymous_27)","decl":{"start":{"line":144,"column":32},"end":{"line":144,"column":33}},"loc":{"start":{"line":144,"column":57},"end":{"line":160,"column":3}}},"9":{"name":"(anonymous_28)","decl":{"start":{"line":162,"column":30},"end":{"line":162,"column":null}},"loc":{"start":{"line":164,"column":26},"end":{"line":175,"column":4}}},"10":{"name":"(anonymous_29)","decl":{"start":{"line":164,"column":26},"end":{"line":164,"column":null}},"loc":{"start":{"line":164,"column":26},"end":{"line":175,"column":4}}},"11":{"name":"(anonymous_31)","decl":{"start":{"line":191,"column":29},"end":{"line":191,"column":30}},"loc":{"start":{"line":191,"column":36},"end":{"line":191,"column":47}}},"12":{"name":"(anonymous_32)","decl":{"start":{"line":193,"column":23},"end":{"line":193,"column":24}},"loc":{"start":{"line":193,"column":30},"end":{"line":197,"column":11}}},"13":{"name":"(anonymous_33)","decl":{"start":{"line":200,"column":25},"end":{"line":200,"column":26}},"loc":{"start":{"line":200,"column":42},"end":{"line":202,"column":11}}},"14":{"name":"(anonymous_34)","decl":{"start":{"line":204,"column":32},"end":{"line":204,"column":33}},"loc":{"start":{"line":204,"column":46},"end":{"line":206,"column":11}}}},"branchMap":{"0":{"loc":{"start":{"line":22,"column":19},"end":{"line":22,"column":69}},"type":"cond-expr","locations":[{"start":{"line":22,"column":51},"end":{"line":22,"column":60}},{"start":{"line":22,"column":63},"end":{"line":22,"column":69}}]},"1":{"loc":{"start":{"line":31,"column":2},"end":{"line":34,"column":3}},"type":"if","locations":[{"start":{"line":31,"column":2},"end":{"line":34,"column":3}}]},"2":{"loc":{"start":{"line":35,"column":2},"end":{"line":38,"column":3}},"type":"if","locations":[{"start":{"line":35,"column":2},"end":{"line":38,"column":3}}]},"3":{"loc":{"start":{"line":39,"column":2},"end":{"line":42,"column":3}},"type":"if","locations":[{"start":{"line":39,"column":2},"end":{"line":42,"column":3}}]},"4":{"loc":{"start":{"line":48,"column":2},"end":{"line":50,"column":3}},"type":"if","locations":[{"start":{"line":48,"column":2},"end":{"line":50,"column":3}}]},"5":{"loc":{"start":{"line":66,"column":24},"end":{"line":66,"column":37}},"type":"binary-expr","locations":[{"start":{"line":66,"column":24},"end":{"line":66,"column":31}},{"start":{"line":66,"column":35},"end":{"line":66,"column":37}}]},"6":{"loc":{"start":{"line":67,"column":42},"end":{"line":67,"column":55}},"type":"binary-expr","locations":[{"start":{"line":67,"column":42},"end":{"line":67,"column":49}},{"start":{"line":67,"column":53},"end":{"line":67,"column":55}}]},"7":{"loc":{"start":{"line":78,"column":4},"end":{"line":78,"column":48}},"type":"cond-expr","locations":[{"start":{"line":78,"column":27},"end":{"line":78,"column":41}},{"start":{"line":78,"column":44},"end":{"line":78,"column":48}}]},"8":{"loc":{"start":{"line":78,"column":4},"end":{"line":78,"column":24}},"type":"cond-expr","locations":[{"start":{"line":78,"column":11},"end":{"line":78,"column":13}},{"start":{"line":78,"column":4},"end":{"line":78,"column":24}}]},"9":{"loc":{"start":{"line":78,"column":4},"end":{"line":78,"column":13}},"type":"binary-expr","locations":[{"start":{"line":78,"column":4},"end":{"line":78,"column":13}},{"start":{"line":78,"column":4},"end":{"line":78,"column":13}}]},"10":{"loc":{"start":{"line":82,"column":4},"end":{"line":82,"column":45}},"type":"binary-expr","locations":[{"start":{"line":82,"column":4},"end":{"line":82,"column":22}},{"start":{"line":82,"column":26},"end":{"line":82,"column":45}}]},"11":{"loc":{"start":{"line":82,"column":4},"end":{"line":82,"column":22}},"type":"cond-expr","locations":[{"start":{"line":82,"column":11},"end":{"line":82,"column":13}},{"start":{"line":82,"column":4},"end":{"line":82,"column":22}}]},"12":{"loc":{"start":{"line":82,"column":4},"end":{"line":82,"column":13}},"type":"binary-expr","locations":[{"start":{"line":82,"column":4},"end":{"line":82,"column":13}},{"start":{"line":82,"column":4},"end":{"line":82,"column":13}}]},"13":{"loc":{"start":{"line":85,"column":69},"end":{"line":85,"column":91}},"type":"cond-expr","locations":[{"start":{"line":85,"column":77},"end":{"line":85,"column":84}},{"start":{"line":85,"column":87},"end":{"line":85,"column":91}}]},"14":{"loc":{"start":{"line":88,"column":4},"end":{"line":90,"column":5}},"type":"if","locations":[{"start":{"line":88,"column":4},"end":{"line":90,"column":5}}]},"15":{"loc":{"start":{"line":106,"column":6},"end":{"line":108,"column":7}},"type":"if","locations":[{"start":{"line":106,"column":6},"end":{"line":108,"column":7}}]},"16":{"loc":{"start":{"line":106,"column":11},"end":{"line":106,"column":22}},"type":"cond-expr","locations":[{"start":{"line":106,"column":16},"end":{"line":106,"column":18}},{"start":{"line":106,"column":11},"end":{"line":106,"column":22}}]},"17":{"loc":{"start":{"line":106,"column":11},"end":{"line":106,"column":18}},"type":"binary-expr","locations":[{"start":{"line":106,"column":11},"end":{"line":106,"column":18}},{"start":{"line":106,"column":11},"end":{"line":106,"column":18}}]},"18":{"loc":{"start":{"line":110,"column":12},"end":{"line":110,"column":23}},"type":"cond-expr","locations":[{"start":{"line":110,"column":19},"end":{"line":110,"column":21}},{"start":{"line":110,"column":12},"end":{"line":110,"column":23}}]},"19":{"loc":{"start":{"line":110,"column":12},"end":{"line":110,"column":21}},"type":"binary-expr","locations":[{"start":{"line":110,"column":12},"end":{"line":110,"column":21}},{"start":{"line":110,"column":12},"end":{"line":110,"column":21}}]},"20":{"loc":{"start":{"line":112,"column":21},"end":{"line":112,"column":32}},"type":"cond-expr","locations":[{"start":{"line":112,"column":26},"end":{"line":112,"column":28}},{"start":{"line":112,"column":21},"end":{"line":112,"column":32}}]},"21":{"loc":{"start":{"line":112,"column":21},"end":{"line":112,"column":28}},"type":"binary-expr","locations":[{"start":{"line":112,"column":21},"end":{"line":112,"column":28}},{"start":{"line":112,"column":21},"end":{"line":112,"column":28}}]},"22":{"loc":{"start":{"line":113,"column":22},"end":{"line":113,"column":34}},"type":"cond-expr","locations":[{"start":{"line":113,"column":27},"end":{"line":113,"column":29}},{"start":{"line":113,"column":22},"end":{"line":113,"column":34}}]},"23":{"loc":{"start":{"line":113,"column":22},"end":{"line":113,"column":29}},"type":"binary-expr","locations":[{"start":{"line":113,"column":22},"end":{"line":113,"column":29}},{"start":{"line":113,"column":22},"end":{"line":113,"column":29}}]},"24":{"loc":{"start":{"line":128,"column":8},"end":{"line":130,"column":9}},"type":"if","locations":[{"start":{"line":128,"column":8},"end":{"line":130,"column":9}}]},"25":{"loc":{"start":{"line":145,"column":4},"end":{"line":148,"column":5}},"type":"if","locations":[{"start":{"line":145,"column":4},"end":{"line":148,"column":5}}]},"26":{"loc":{"start":{"line":145,"column":8},"end":{"line":145,"column":26}},"type":"binary-expr","locations":[{"start":{"line":145,"column":8},"end":{"line":145,"column":16}},{"start":{"line":145,"column":20},"end":{"line":145,"column":26}}]},"27":{"loc":{"start":{"line":151,"column":4},"end":{"line":154,"column":5}},"type":"if","locations":[{"start":{"line":151,"column":4},"end":{"line":154,"column":5}}]},"28":{"loc":{"start":{"line":151,"column":8},"end":{"line":151,"column":94}},"type":"binary-expr","locations":[{"start":{"line":151,"column":8},"end":{"line":151,"column":13}},{"start":{"line":151,"column":17},"end":{"line":151,"column":57}},{"start":{"line":151,"column":61},"end":{"line":151,"column":94}}]},"29":{"loc":{"start":{"line":155,"column":4},"end":{"line":158,"column":5}},"type":"if","locations":[{"start":{"line":155,"column":4},"end":{"line":158,"column":5}}]},"30":{"loc":{"start":{"line":155,"column":8},"end":{"line":155,"column":89}},"type":"binary-expr","locations":[{"start":{"line":155,"column":8},"end":{"line":155,"column":51}},{"start":{"line":155,"column":55},"end":{"line":155,"column":89}}]},"31":{"loc":{"start":{"line":172,"column":6},"end":{"line":172,"column":45}},"type":"switch","locations":[{"start":{"line":172,"column":6},"end":{"line":172,"column":45}}]},"32":{"loc":{"start":{"line":166,"column":8},"end":{"line":166,"column":13}},"type":"if","locations":[{"start":{"line":166,"column":8},"end":{"line":166,"column":13}}]},"33":{"loc":{"start":{"line":168,"column":6},"end":{"line":168,"column":53}},"type":"cond-expr","locations":[{"start":{"line":168,"column":21},"end":{"line":168,"column":45}},{"start":{"line":168,"column":49},"end":{"line":168,"column":53}}]},"34":{"loc":{"start":{"line":172,"column":26},"end":{"line":172,"column":43}},"type":"cond-expr","locations":[{"start":{"line":172,"column":39},"end":{"line":172,"column":41}},{"start":{"line":172,"column":26},"end":{"line":172,"column":43}}]},"35":{"loc":{"start":{"line":172,"column":26},"end":{"line":172,"column":41}},"type":"binary-expr","locations":[{"start":{"line":172,"column":26},"end":{"line":172,"column":41}},{"start":{"line":172,"column":26},"end":{"line":172,"column":41}}]},"36":{"loc":{"start":{"line":191,"column":41},"end":{"line":191,"column":122}},"type":"binary-expr","locations":[{"start":{"line":191,"column":41},"end":{"line":191,"column":82}},{"start":{"line":191,"column":86},"end":{"line":191,"column":122}}]},"37":{"loc":{"start":{"line":207,"column":20},"end":{"line":207,"column":104}},"type":"binary-expr","locations":[{"start":{"line":207,"column":20},"end":{"line":207,"column":63}},{"start":{"line":207,"column":67},"end":{"line":207,"column":104}}]}},"s":{"0":2,"1":2,"2":2,"3":2,"4":2,"5":2,"6":2,"7":10,"8":10,"9":2,"10":10,"11":0,"12":10,"13":0,"14":10,"15":0,"16":10,"17":2,"18":10,"19":0,"20":10,"21":10,"22":10,"23":20,"24":20,"25":50,"26":10,"27":10,"28":10,"29":10,"30":10,"31":10,"32":10,"33":10,"34":10,"35":10,"36":10,"37":10,"38":10,"39":10,"40":10,"41":10,"42":10,"43":10,"44":10,"45":10,"46":1,"47":0,"48":1,"49":1,"50":1,"51":0,"52":0,"53":1,"54":10,"55":5,"56":1,"57":4,"58":4,"59":4,"60":4,"61":0,"62":2,"63":2,"64":2,"65":2,"66":2,"67":5,"68":0,"69":10,"70":0,"71":0,"72":0,"73":0,"74":0,"75":0,"76":0,"77":0,"78":0,"79":0,"80":0,"81":10,"82":1,"83":2,"84":0,"85":0,"86":2,"87":1,"88":10,"89":2,"90":16,"91":9,"92":3,"93":2},"f":{"0":10,"1":10,"2":10,"3":10,"4":1,"5":5,"6":5,"7":0,"8":0,"9":1,"10":1,"11":2,"12":16,"13":9,"14":3},"b":{"0":[0,10],"1":[0],"2":[0],"3":[0],"4":[0],"5":[10,0],"6":[10,0],"7":[10,0],"8":[0,10],"9":[10,10],"10":[10,0],"11":[0,10],"12":[10,10],"13":[10,0],"14":[0],"15":[1],"16":[1,4],"17":[5,4],"18":[0,4],"19":[4,4],"20":[0,4],"21":[4,4],"22":[0,4],"23":[4,4],"24":[0],"25":[0],"26":[0,0],"27":[0],"28":[0,0,0],"29":[0],"30":[0,0],"31":[1],"32":[1],"33":[0,0],"34":[0,1],"35":[1,1],"36":[2,1],"37":[10,0]}}
,"/Users/nbujevic/src/property/property-mapping-client/src/components/MappingHeaders.tsx": {"path":"/Users/nbujevic/src/property/property-mapping-client/src/components/MappingHeaders.tsx","statementMap":{"0":{"start":{"line":3,"column":0},"end":{"line":3,"column":16}},"1":{"start":{"line":1,"column":0},"end":{"line":1,"column":49}},"2":{"start":{"line":4,"column":2},"end":{"line":14,"column":10}}},"fnMap":{"0":{"name":"MappingHeader","decl":{"start":{"line":3,"column":16},"end":{"line":3,"column":29}},"loc":{"start":{"line":3,"column":29},"end":{"line":15,"column":1}}}},"branchMap":{},"s":{"0":2,"1":2,"2":5},"f":{"0":5},"b":{}}
,"/Users/nbujevic/src/property/property-mapping-client/src/components/OptionDisplay.tsx": {"path":"/Users/nbujevic/src/property/property-mapping-client/src/components/OptionDisplay.tsx","statementMap":{"0":{"start":{"line":5,"column":29},"end":{"line":20,"column":1}},"1":{"start":{"line":10,"column":2},"end":{"line":19,"column":4}},"2":{"start":{"line":5,"column":13},"end":{"line":5,"column":29}}},"fnMap":{"0":{"name":"(anonymous_2)","decl":{"start":{"line":5,"column":29},"end":{"line":5,"column":null}},"loc":{"start":{"line":7,"column":18},"end":{"line":20,"column":1}}}},"branchMap":{},"s":{"0":2,"1":2,"2":2},"f":{"0":2},"b":{}}
,"/Users/nbujevic/src/property/property-mapping-client/src/components/PropertyEditor.tsx": {"path":"/Users/nbujevic/src/property/property-mapping-client/src/components/PropertyEditor.tsx","statementMap":{"0":{"start":{"line":1,"column":0},"end":{"line":1,"column":219}},"1":{"start":{"line":2,"column":0},"end":{"line":2,"column":46}},"2":{"start":{"line":3,"column":0},"end":{"line":3,"column":76}},"3":{"start":{"line":4,"column":0},"end":{"line":4,"column":64}},"4":{"start":{"line":7,"column":18},"end":{"line":10,"column":3}},"5":{"start":{"line":7,"column":37},"end":{"line":7,"column":38}},"6":{"start":{"line":7,"column":42},"end":{"line":10,"column":3}},"7":{"start":{"line":12,"column":33},"end":{"line":12,"column":35}},"8":{"start":{"line":13,"column":2},"end":{"line":16,"column":7}},"9":{"start":{"line":14,"column":4},"end":{"line":14,"column":null}},"10":{"start":{"line":15,"column":6},"end":{"line":15,"column":null}},"11":{"start":{"line":19,"column":30},"end":{"line":21,"column":1}},"12":{"start":{"line":20,"column":2},"end":{"line":20,"column":null}},"13":{"start":{"line":24,"column":0},"end":{"line":24,"column":9}},"14":{"start":{"line":26,"column":96},"end":{"line":26,"column":null}},"15":{"start":{"line":27,"column":44},"end":{"line":27,"column":56}},"16":{"start":{"line":27,"column":22},"end":{"line":27,"column":24}},"17":{"start":{"line":27,"column":40},"end":{"line":27,"column":44}},"18":{"start":{"line":28,"column":42},"end":{"line":28,"column":54}},"19":{"start":{"line":28,"column":21},"end":{"line":28,"column":23}},"20":{"start":{"line":28,"column":38},"end":{"line":28,"column":42}},"21":{"start":{"line":29,"column":24},"end":{"line":33,"column":3}},"22":{"start":{"line":30,"column":4},"end":{"line":30,"column":null}},"23":{"start":{"line":31,"column":25},"end":{"line":31,"column":71}},"24":{"start":{"line":32,"column":4},"end":{"line":32,"column":null}},"25":{"start":{"line":35,"column":42},"end":{"line":35,"column":54}},"26":{"start":{"line":35,"column":21},"end":{"line":35,"column":23}},"27":{"start":{"line":35,"column":38},"end":{"line":35,"column":42}},"28":{"start":{"line":36,"column":31},"end":{"line":38,"column":3}},"29":{"start":{"line":37,"column":4},"end":{"line":37,"column":null}},"30":{"start":{"line":39,"column":38},"end":{"line":39,"column":50}},"31":{"start":{"line":39,"column":19},"end":{"line":39,"column":21}},"32":{"start":{"line":39,"column":34},"end":{"line":39,"column":38}},"33":{"start":{"line":40,"column":29},"end":{"line":42,"column":3}},"34":{"start":{"line":41,"column":4},"end":{"line":41,"column":null}},"35":{"start":{"line":44,"column":51},"end":{"line":44,"column":66}},"36":{"start":{"line":44,"column":26},"end":{"line":44,"column":28}},"37":{"start":{"line":44,"column":47},"end":{"line":44,"column":51}},"38":{"start":{"line":45,"column":27},"end":{"line":47,"column":3}},"39":{"start":{"line":46,"column":4},"end":{"line":46,"column":null}},"40":{"start":{"line":49,"column":36},"end":{"line":49,"column":51}},"41":{"start":{"line":49,"column":18},"end":{"line":49,"column":20}},"42":{"start":{"line":49,"column":32},"end":{"line":49,"column":36}},"43":{"start":{"line":51,"column":26},"end":{"line":57,"column":null}},"44":{"start":{"line":51,"column":41},"end":{"line":57,"column":null}},"45":{"start":{"line":52,"column":2},"end":{"line":52,"column":null}},"46":{"start":{"line":53,"column":19},"end":{"line":55,"column":null}},"47":{"start":{"line":53,"column":8},"end":{"line":55,"column":null}},"48":{"start":{"line":56,"column":2},"end":{"line":56,"column":null}},"49":{"start":{"line":59,"column":41},"end":{"line":77,"column":null}},"50":{"start":{"line":60,"column":4},"end":{"line":62,"column":5}},"51":{"start":{"line":61,"column":6},"end":{"line":61,"column":null}},"52":{"start":{"line":63,"column":10},"end":{"line":65,"column":null}},"53":{"start":{"line":66,"column":38},"end":{"line":66,"column":null}},"54":{"start":{"line":66,"column":10},"end":{"line":66,"column":null}},"55":{"start":{"line":67,"column":4},"end":{"line":74,"column":5}},"56":{"start":{"line":68,"column":12},"end":{"line":71,"column":null}},"57":{"start":{"line":72,"column":6},"end":{"line":72,"column":null}},"58":{"start":{"line":73,"column":6},"end":{"line":73,"column":null}},"59":{"start":{"line":75,"column":4},"end":{"line":75,"column":null}},"60":{"start":{"line":79,"column":2},"end":{"line":144,"column":null}},"61":{"start":{"line":126,"column":55},"end":{"line":126,"column":157}},"62":{"start":{"line":147,"column":0},"end":{"line":147,"column":null}}},"fnMap":{"0":{"name":"(anonymous_14)","decl":{"start":{"line":7,"column":30},"end":{"line":7,"column":31}},"loc":{"start":{"line":7,"column":38},"end":{"line":7,"column":43}}},"1":{"name":"(anonymous_15)","decl":{"start":{"line":19,"column":30},"end":{"line":19,"column":31}},"loc":{"start":{"line":19,"column":44},"end":{"line":21,"column":1}}},"2":{"name":"PropertyEditor","decl":{"start":{"line":24,"column":9},"end":{"line":24,"column":23}},"loc":{"start":{"line":24,"column":254},"end":{"line":145,"column":1}}},"3":{"name":"(anonymous_17)","decl":{"start":{"line":29,"column":24},"end":{"line":29,"column":25}},"loc":{"start":{"line":29,"column":60},"end":{"line":33,"column":3}}},"4":{"name":"(anonymous_18)","decl":{"start":{"line":36,"column":31},"end":{"line":36,"column":32}},"loc":{"start":{"line":36,"column":63},"end":{"line":38,"column":3}}},"5":{"name":"(anonymous_19)","decl":{"start":{"line":40,"column":29},"end":{"line":40,"column":30}},"loc":{"start":{"line":40,"column":61},"end":{"line":42,"column":3}}},"6":{"name":"(anonymous_20)","decl":{"start":{"line":45,"column":27},"end":{"line":45,"column":29}},"loc":{"start":{"line":45,"column":64},"end":{"line":47,"column":3}}},"7":{"name":"(anonymous_21)","decl":{"start":{"line":51,"column":26},"end":{"line":51,"column":33}},"loc":{"start":{"line":51,"column":41},"end":{"line":57,"column":null}}},"8":{"name":"(anonymous_22)","decl":{"start":{"line":51,"column":41},"end":{"line":51,"column":null}},"loc":{"start":{"line":51,"column":41},"end":{"line":57,"column":null}}},"9":{"name":"(anonymous_24)","decl":{"start":{"line":59,"column":41},"end":{"line":59,"column":null}},"loc":{"start":{"line":59,"column":41},"end":{"line":77,"column":null}}},"10":{"name":"(anonymous_27)","decl":{"start":{"line":126,"column":37},"end":{"line":126,"column":38}},"loc":{"start":{"line":126,"column":48},"end":{"line":126,"column":157}}}},"branchMap":{"0":{"loc":{"start":{"line":60,"column":4},"end":{"line":62,"column":5}},"type":"if","locations":[{"start":{"line":60,"column":4},"end":{"line":62,"column":5}}]},"1":{"loc":{"start":{"line":60,"column":7},"end":{"line":60,"column":69}},"type":"binary-expr","locations":[{"start":{"line":60,"column":7},"end":{"line":60,"column":21}},{"start":{"line":60,"column":24},"end":{"line":60,"column":37}},{"start":{"line":60,"column":41},"end":{"line":60,"column":54}},{"start":{"line":60,"column":58},"end":{"line":60,"column":69}}]},"2":{"loc":{"start":{"line":67,"column":4},"end":{"line":74,"column":5}},"type":"if","locations":[{"start":{"line":67,"column":4},"end":{"line":74,"column":5}}]}},"s":{"0":2,"1":2,"2":2,"3":2,"4":2,"5":255,"6":255,"7":2,"8":2,"9":4,"10":4,"11":2,"12":102,"13":51,"14":153,"15":51,"16":51,"17":51,"18":51,"19":51,"20":51,"21":51,"22":40,"23":40,"24":40,"25":51,"26":51,"27":51,"28":51,"29":2,"30":51,"31":51,"32":51,"33":51,"34":2,"35":51,"36":51,"37":51,"38":51,"39":1,"40":51,"41":51,"42":51,"43":51,"44":3,"45":3,"46":3,"47":3,"48":3,"49":54,"50":3,"51":1,"52":3,"53":3,"54":3,"55":3,"56":2,"57":2,"58":2,"59":3,"60":51,"61":102,"62":2},"f":{"0":255,"1":102,"2":51,"3":40,"4":2,"5":2,"6":1,"7":3,"8":3,"9":6,"10":102},"b":{"0":[1],"1":[3,2,2,2],"2":[2]}}
,"/Users/nbujevic/src/property/property-mapping-client/src/components/Tabs.tsx": {"path":"/Users/nbujevic/src/property/property-mapping-client/src/components/Tabs.tsx","statementMap":{"0":{"start":{"line":1,"column":0},"end":{"line":1,"column":40}},"1":{"start":{"line":2,"column":0},"end":{"line":2,"column":null}},"2":{"start":{"line":15,"column":47},"end":{"line":15,"column":53}},"3":{"start":{"line":15,"column":42},"end":{"line":15,"column":47}},"4":{"start":{"line":17,"column":2},"end":{"line":31,"column":4}},"5":{"start":{"line":38,"column":32},"end":{"line":38,"column":38}},"6":{"start":{"line":39,"column":36},"end":{"line":39,"column":47}},"7":{"start":{"line":39,"column":18},"end":{"line":39,"column":20}},"8":{"start":{"line":39,"column":32},"end":{"line":39,"column":36}},"9":{"start":{"line":41,"column":23},"end":{"line":43,"column":3}},"10":{"start":{"line":42,"column":4},"end":{"line":42,"column":27}},"11":{"start":{"line":51,"column":4},"end":{"line":54,"column":6}},"12":{"start":{"line":56,"column":2},"end":{"line":79,"column":4}},"13":{"start":{"line":65,"column":12},"end":{"line":65,"column":76}},"14":{"start":{"line":71,"column":10},"end":{"line":75,"column":12}},"15":{"start":{"line":81,"column":0},"end":{"line":81,"column":28}}},"fnMap":{"0":{"name":"TabPanel","decl":{"start":{"line":14,"column":9},"end":{"line":14,"column":17}},"loc":{"start":{"line":14,"column":38},"end":{"line":32,"column":1}}},"1":{"name":"TabContainer","decl":{"start":{"line":34,"column":9},"end":{"line":34,"column":21}},"loc":{"start":{"line":37,"column":1},"end":{"line":80,"column":1}}},"2":{"name":"(anonymous_5)","decl":{"start":{"line":41,"column":23},"end":{"line":41,"column":24}},"loc":{"start":{"line":41,"column":69},"end":{"line":43,"column":3}}},"3":{"name":"a11yProps","decl":{"start":{"line":50,"column":11},"end":{"line":50,"column":20}},"loc":{"start":{"line":50,"column":34},"end":{"line":55,"column":3}}},"4":{"name":"(anonymous_7)","decl":{"start":{"line":64,"column":23},"end":{"line":64,"column":24}},"loc":{"start":{"line":64,"column":37},"end":{"line":66,"column":11}}},"5":{"name":"(anonymous_8)","decl":{"start":{"line":70,"column":22},"end":{"line":70,"column":23}},"loc":{"start":{"line":70,"column":60},"end":{"line":76,"column":9}}}},"branchMap":{"0":{"loc":{"start":{"line":25,"column":7},"end":{"line":28,"column":null}},"type":"binary-expr","locations":[{"start":{"line":25,"column":7},"end":{"line":25,"column":22}},{"start":{"line":26,"column":8},"end":{"line":27,"column":null}}]}},"s":{"0":1,"1":1,"2":43,"3":14,"4":14,"5":15,"6":7,"7":7,"8":7,"9":7,"10":2,"11":14,"12":7,"13":14,"14":14,"15":1},"f":{"0":15,"1":8,"2":2,"3":14,"4":14,"5":14},"b":{"0":[14,7]}}
,"/Users/nbujevic/src/property/property-mapping-client/src/utils/index.ts": {"path":"/Users/nbujevic/src/property/property-mapping-client/src/utils/index.ts","statementMap":{"0":{"start":{"line":52,"column":0},"end":{"line":52,"column":null}},"1":{"start":{"line":53,"column":2},"end":{"line":53,"column":null}},"2":{"start":{"line":54,"column":2},"end":{"line":54,"column":null}},"3":{"start":{"line":55,"column":2},"end":{"line":55,"column":null}},"4":{"start":{"line":58,"column":0},"end":{"line":58,"column":null}},"5":{"start":{"line":59,"column":2},"end":{"line":59,"column":null}},"6":{"start":{"line":60,"column":2},"end":{"line":60,"column":null}},"7":{"start":{"line":63,"column":29},"end":{"line":72,"column":2}},"8":{"start":{"line":64,"column":19},"end":{"line":64,"column":null}},"9":{"start":{"line":64,"column":8},"end":{"line":64,"column":null}},"10":{"start":{"line":65,"column":2},"end":{"line":65,"column":null}},"11":{"start":{"line":66,"column":5},"end":{"line":66,"column":13}},"12":{"start":{"line":67,"column":4},"end":{"line":67,"column":20}},"13":{"start":{"line":67,"column":27},"end":{"line":67,"column":null}},"14":{"start":{"line":67,"column":4},"end":{"line":67,"column":null}},"15":{"start":{"line":70,"column":22},"end":{"line":70,"column":66}},"16":{"start":{"line":70,"column":8},"end":{"line":70,"column":null}},"17":{"start":{"line":71,"column":2},"end":{"line":71,"column":20}},"18":{"start":{"line":126,"column":2},"end":{"line":126,"column":22}},"19":{"start":{"line":74,"column":29},"end":{"line":77,"column":1}},"20":{"start":{"line":75,"column":29},"end":{"line":75,"column":64}},"21":{"start":{"line":76,"column":2},"end":{"line":76,"column":27}},"22":{"start":{"line":128,"column":2},"end":{"line":128,"column":22}},"23":{"start":{"line":79,"column":29},"end":{"line":82,"column":1}},"24":{"start":{"line":80,"column":29},"end":{"line":80,"column":64}},"25":{"start":{"line":81,"column":2},"end":{"line":81,"column":27}},"26":{"start":{"line":127,"column":2},"end":{"line":127,"column":22}},"27":{"start":{"line":85,"column":24},"end":{"line":95,"column":1}},"28":{"start":{"line":86,"column":2},"end":{"line":94,"column":5}},"29":{"start":{"line":87,"column":4},"end":{"line":93,"column":6}},"30":{"start":{"line":129,"column":2},"end":{"line":129,"column":17}},"31":{"start":{"line":103,"column":42},"end":{"line":108,"column":1}},"32":{"start":{"line":104,"column":24},"end":{"line":104,"column":41}},"33":{"start":{"line":105,"column":22},"end":{"line":105,"column":46}},"34":{"start":{"line":106,"column":22},"end":{"line":106,"column":36}},"35":{"start":{"line":107,"column":2},"end":{"line":107,"column":21}},"36":{"start":{"line":131,"column":2},"end":{"line":131,"column":35}},"37":{"start":{"line":110,"column":28},"end":{"line":116,"column":1}},"38":{"start":{"line":111,"column":2},"end":{"line":113,"column":3}},"39":{"start":{"line":112,"column":4},"end":{"line":112,"column":52}},"40":{"start":{"line":115,"column":2},"end":{"line":115,"column":50}},"41":{"start":{"line":132,"column":2},"end":{"line":132,"column":21}},"42":{"start":{"line":118,"column":36},"end":{"line":123,"column":2}},"43":{"start":{"line":133,"column":2},"end":{"line":133,"column":29}}},"fnMap":{"0":{"name":"(anonymous_13)","decl":{"start":{"line":52,"column":0},"end":{"line":52,"column":5}},"loc":{"start":{"line":52,"column":14},"end":{"line":56,"column":1}}},"1":{"name":"(anonymous_14)","decl":{"start":{"line":58,"column":0},"end":{"line":58,"column":5}},"loc":{"start":{"line":58,"column":25},"end":{"line":61,"column":1}}},"2":{"name":"(anonymous_15)","decl":{"start":{"line":63,"column":29},"end":{"line":63,"column":null}},"loc":{"start":{"line":63,"column":29},"end":{"line":72,"column":2}}},"3":{"name":"(anonymous_18)","decl":{"start":{"line":74,"column":29},"end":{"line":74,"column":30}},"loc":{"start":{"line":74,"column":67},"end":{"line":77,"column":1}}},"4":{"name":"(anonymous_19)","decl":{"start":{"line":79,"column":29},"end":{"line":79,"column":30}},"loc":{"start":{"line":79,"column":67},"end":{"line":82,"column":1}}},"5":{"name":"(anonymous_20)","decl":{"start":{"line":85,"column":24},"end":{"line":85,"column":25}},"loc":{"start":{"line":85,"column":63},"end":{"line":95,"column":1}}},"6":{"name":"(anonymous_21)","decl":{"start":{"line":86,"column":24},"end":{"line":86,"column":25}},"loc":{"start":{"line":86,"column":33},"end":{"line":94,"column":3}}},"7":{"name":"(anonymous_22)","decl":{"start":{"line":103,"column":42},"end":{"line":103,"column":43}},"loc":{"start":{"line":103,"column":67},"end":{"line":108,"column":1}}},"8":{"name":"(anonymous_23)","decl":{"start":{"line":110,"column":28},"end":{"line":110,"column":29}},"loc":{"start":{"line":110,"column":39},"end":{"line":116,"column":1}}}},"branchMap":{"0":{"loc":{"start":{"line":52,"column":5},"end":{"line":52,"column":null}},"type":"binary-expr","locations":[{"start":{"line":52,"column":5},"end":{"line":52,"column":14}},{"start":{"line":52,"column":14},"end":{"line":52,"column":null}}]},"1":{"loc":{"start":{"line":58,"column":5},"end":{"line":58,"column":null}},"type":"binary-expr","locations":[{"start":{"line":58,"column":5},"end":{"line":58,"column":25}},{"start":{"line":58,"column":25},"end":{"line":58,"column":null}}]},"2":{"loc":{"start":{"line":64,"column":19},"end":{"line":64,"column":null}},"type":"switch","locations":[{"start":{"line":64,"column":19},"end":{"line":64,"column":null}},{"start":{"line":70,"column":22},"end":{"line":70,"column":66}}]},"3":{"loc":{"start":{"line":66,"column":5},"end":{"line":66,"column":13}},"type":"if","locations":[{"start":{"line":66,"column":5},"end":{"line":66,"column":13}}]},"4":{"loc":{"start":{"line":66,"column":5},"end":{"line":66,"column":64}},"type":"cond-expr","locations":[{"start":{"line":66,"column":41},"end":{"line":66,"column":43}},{"start":{"line":66,"column":41},"end":{"line":66,"column":64}}]},"5":{"loc":{"start":{"line":66,"column":5},"end":{"line":66,"column":43}},"type":"binary-expr","locations":[{"start":{"line":66,"column":5},"end":{"line":66,"column":43}},{"start":{"line":66,"column":41},"end":{"line":66,"column":43}}]},"6":{"loc":{"start":{"line":111,"column":2},"end":{"line":113,"column":3}},"type":"if","locations":[{"start":{"line":111,"column":2},"end":{"line":113,"column":3}}]}},"s":{"0":4,"1":4,"2":4,"3":4,"4":4,"5":4,"6":4,"7":4,"8":0,"9":0,"10":0,"11":0,"12":0,"13":0,"14":0,"15":0,"16":0,"17":0,"18":4,"19":4,"20":0,"21":0,"22":4,"23":4,"24":0,"25":0,"26":4,"27":4,"28":7,"29":7,"30":4,"31":4,"32":0,"33":0,"34":0,"35":0,"36":4,"37":4,"38":0,"39":0,"40":0,"41":4,"42":4,"43":4},"f":{"0":4,"1":4,"2":0,"3":0,"4":0,"5":7,"6":7,"7":0,"8":0},"b":{"0":[4,4],"1":[4,4],"2":[0,0],"3":[0],"4":[0,0],"5":[0,0],"6":[0]}}
}
