TN:
SF:src/App.tsx
FN:14,App
FN:31,(anonymous_2)
FNF:2
FNH:1
FNDA:6,App
FNDA:0,(anonymous_2)
DA:1,1
DA:3,1
DA:5,1
DA:7,1
DA:8,1
DA:10,1
DA:11,1
DA:12,1
DA:15,6
DA:16,5
DA:18,5
DA:31,0
DA:56,1
LF:13
LH:12
BRF:0
BRH:0
end_of_record
TN:
SF:src/theme.tsx
FNF:0
FNH:0
DA:1,1
DA:3,1
LF:2
LH:2
BRF:0
BRH:0
end_of_record
TN:
SF:src/components/DirectionSelection.tsx
FN:13,DirectionSelection
FNF:1
FNH:1
FNDA:10,DirectionSelection
DA:1,2
DA:8,2
DA:9,2
DA:10,2
DA:13,2
DA:14,10
LF:6
LH:6
BRF:0
BRH:0
end_of_record
TN:
SF:src/components/Header.tsx
FN:4,Header
FN:9,(anonymous_14)
FN:10,getInstallUrl
FN:16,(anonymous_18)
FN:21,(anonymous_19)
FNF:5
FNH:4
FNDA:5,Header
FNDA:5,(anonymous_14)
FNDA:5,getInstallUrl
FNDA:5,(anonymous_18)
FNDA:0,(anonymous_19)
DA:1,1
DA:2,1
DA:4,5
DA:5,5
DA:7,5
DA:9,5
DA:11,5
DA:12,0
DA:13,0
DA:15,5
DA:16,5
DA:21,5
DA:24,0
DA:26,0
DA:27,0
DA:30,0
DA:32,0
DA:33,0
DA:36,0
DA:40,5
DA:56,1
LF:21
LH:12
BRDA:11,0,0,5
BRDA:26,1,0,0
BRF:2
BRH:1
end_of_record
TN:
SF:src/components/MappingContainer.tsx
FN:20,MappingContainer
FN:35,(anonymous_15)
FN:39,(anonymous_16)
FN:40,getNativePropertiesWithMappings
FN:56,(anonymous_20)
FN:60,(anonymous_21)
FN:61,checkHubspotProperties
FN:82,(anonymous_25)
FN:85,(anonymous_26)
FN:89,(anonymous_27)
FN:101,(anonymous_28)
FNF:11
FNH:9
FNDA:23,MappingContainer
FNDA:2,(anonymous_15)
FNDA:12,(anonymous_16)
FNDA:12,getNativePropertiesWithMappings
FNDA:0,(anonymous_20)
FNDA:12,(anonymous_21)
FNDA:12,checkHubspotProperties
FNDA:0,(anonymous_25)
FNDA:5,(anonymous_26)
FNDA:6,(anonymous_27)
FNDA:5,(anonymous_28)
DA:1,2
DA:2,2
DA:4,2
DA:6,2
DA:17,2
DA:18,2
DA:25,23
DA:29,21
DA:31,21
DA:32,21
DA:33,21
DA:35,21
DA:36,2
DA:39,21
DA:42,12
DA:43,3
DA:44,0
DA:46,3
DA:47,3
DA:48,3
DA:49,3
DA:51,8
DA:55,12
DA:56,0
DA:60,21
DA:62,12
DA:63,12
DA:64,12
DA:65,12
DA:67,11
DA:70,11
DA:72,1
DA:75,1
DA:77,0
DA:81,12
DA:82,0
DA:85,21
DA:88,5
DA:90,6
DA:95,21
DA:102,5
DA:118,2
LF:42
LH:38
BRDA:43,0,0,0
BRDA:62,1,0,12
BRDA:65,2,0,11
BRDA:65,2,1,1
BRDA:65,2,2,0
BRDA:95,3,0,16
BRDA:95,3,1,5
BRDA:111,4,0,1
BRDA:111,4,1,4
BRF:9
BRH:7
end_of_record
TN:
SF:src/components/MappingDisplay.tsx
FN:21,(anonymous_15)
FN:30,(anonymous_16)
FN:47,(anonymous_17)
FN:61,MappingDisplay
FN:86,deleteMapping
FN:104,(anonymous_22)
FN:105,saveMapping
FN:140,(anonymous_26)
FN:144,(anonymous_27)
FN:162,(anonymous_28)
FN:164,(anonymous_29)
FN:191,(anonymous_31)
FN:193,(anonymous_32)
FN:200,(anonymous_33)
FN:204,(anonymous_34)
FNF:15
FNH:13
FNDA:10,(anonymous_15)
FNDA:10,(anonymous_16)
FNDA:10,(anonymous_17)
FNDA:10,MappingDisplay
FNDA:1,deleteMapping
FNDA:5,(anonymous_22)
FNDA:5,saveMapping
FNDA:0,(anonymous_26)
FNDA:0,(anonymous_27)
FNDA:1,(anonymous_28)
FNDA:1,(anonymous_29)
FNDA:2,(anonymous_31)
FNDA:16,(anonymous_32)
FNDA:9,(anonymous_33)
FNDA:3,(anonymous_34)
DA:1,2
DA:9,2
DA:10,2
DA:11,2
DA:12,2
DA:13,2
DA:21,10
DA:30,2
DA:31,10
DA:32,0
DA:35,10
DA:36,0
DA:39,10
DA:40,0
DA:43,10
DA:47,2
DA:48,10
DA:49,0
DA:51,10
DA:58,10
DA:61,10
DA:62,20
DA:63,20
DA:64,50
DA:66,10
DA:67,10
DA:68,10
DA:75,10
DA:76,10
DA:77,10
DA:80,10
DA:81,10
DA:85,10
DA:88,1
DA:89,0
DA:92,1
DA:97,1
DA:98,0
DA:100,1
DA:104,10
DA:106,5
DA:107,1
DA:109,4
DA:120,4
DA:128,4
DA:129,0
DA:132,2
DA:133,2
DA:134,2
DA:136,2
DA:139,5
DA:140,0
DA:144,10
DA:145,0
DA:146,0
DA:147,0
DA:150,0
DA:151,0
DA:152,0
DA:153,0
DA:155,0
DA:156,0
DA:157,0
DA:159,0
DA:162,10
DA:164,1
DA:166,2
DA:168,0
DA:170,0
DA:172,2
DA:173,1
DA:176,10
DA:191,2
DA:194,16
DA:201,9
DA:205,3
DA:214,2
LF:77
LH:56
BRDA:22,0,0,0
BRDA:22,0,1,10
BRDA:31,1,0,0
BRDA:35,2,0,0
BRDA:39,3,0,0
BRDA:48,4,0,0
BRDA:66,5,0,10
BRDA:66,5,1,0
BRDA:67,6,0,10
BRDA:67,6,1,0
BRDA:78,7,0,10
BRDA:78,7,1,0
BRDA:78,8,0,0
BRDA:78,8,1,10
BRDA:78,9,0,10
BRDA:78,9,1,10
BRDA:82,10,0,10
BRDA:82,10,1,0
BRDA:82,11,0,0
BRDA:82,11,1,10
BRDA:82,12,0,10
BRDA:82,12,1,10
BRDA:85,13,0,10
BRDA:85,13,1,0
BRDA:88,14,0,0
BRDA:106,15,0,1
BRDA:106,16,0,1
BRDA:106,16,1,4
BRDA:106,17,0,5
BRDA:106,17,1,4
BRDA:110,18,0,0
BRDA:110,18,1,4
BRDA:110,19,0,4
BRDA:110,19,1,4
BRDA:112,20,0,0
BRDA:112,20,1,4
BRDA:112,21,0,4
BRDA:112,21,1,4
BRDA:113,22,0,0
BRDA:113,22,1,4
BRDA:113,23,0,4
BRDA:113,23,1,4
BRDA:128,24,0,0
BRDA:145,25,0,0
BRDA:145,26,0,0
BRDA:145,26,1,0
BRDA:151,27,0,0
BRDA:151,28,0,0
BRDA:151,28,1,0
BRDA:151,28,2,0
BRDA:155,29,0,0
BRDA:155,30,0,0
BRDA:155,30,1,0
BRDA:172,31,0,1
BRDA:166,32,0,1
BRDA:168,33,0,0
BRDA:168,33,1,0
BRDA:172,34,0,0
BRDA:172,34,1,1
BRDA:172,35,0,1
BRDA:172,35,1,1
BRDA:191,36,0,2
BRDA:191,36,1,1
BRDA:207,37,0,10
BRDA:207,37,1,0
BRF:65
BRH:34
end_of_record
TN:
SF:src/components/MappingHeaders.tsx
FN:3,MappingHeader
FNF:1
FNH:1
FNDA:5,MappingHeader
DA:1,2
DA:3,2
DA:4,5
LF:3
LH:3
BRF:0
BRH:0
end_of_record
TN:
SF:src/components/OptionDisplay.tsx
FN:5,(anonymous_2)
FNF:1
FNH:1
FNDA:2,(anonymous_2)
DA:5,2
DA:10,2
LF:2
LH:2
BRF:0
BRH:0
end_of_record
TN:
SF:src/components/PropertyEditor.tsx
FN:7,(anonymous_14)
FN:19,(anonymous_15)
FN:24,PropertyEditor
FN:29,(anonymous_17)
FN:36,(anonymous_18)
FN:40,(anonymous_19)
FN:45,(anonymous_20)
FN:51,(anonymous_21)
FN:51,(anonymous_22)
FN:59,(anonymous_24)
FN:126,(anonymous_27)
FNF:11
FNH:11
FNDA:255,(anonymous_14)
FNDA:102,(anonymous_15)
FNDA:51,PropertyEditor
FNDA:40,(anonymous_17)
FNDA:2,(anonymous_18)
FNDA:2,(anonymous_19)
FNDA:1,(anonymous_20)
FNDA:3,(anonymous_21)
FNDA:3,(anonymous_22)
FNDA:6,(anonymous_24)
FNDA:102,(anonymous_27)
DA:1,2
DA:2,2
DA:3,2
DA:4,2
DA:7,255
DA:12,2
DA:13,2
DA:14,4
DA:15,4
DA:19,2
DA:20,102
DA:24,51
DA:26,153
DA:27,51
DA:28,51
DA:29,51
DA:30,40
DA:31,40
DA:32,40
DA:35,51
DA:36,51
DA:37,2
DA:39,51
DA:40,51
DA:41,2
DA:44,51
DA:45,51
DA:46,1
DA:49,51
DA:51,51
DA:52,3
DA:53,3
DA:56,3
DA:59,54
DA:60,3
DA:61,1
DA:63,3
DA:66,3
DA:67,3
DA:68,2
DA:72,2
DA:73,2
DA:75,3
DA:79,51
DA:126,102
DA:147,2
LF:46
LH:46
BRDA:60,0,0,1
BRDA:60,1,0,3
BRDA:60,1,1,2
BRDA:60,1,2,2
BRDA:60,1,3,2
BRDA:67,2,0,2
BRF:6
BRH:6
end_of_record
TN:
SF:src/components/Tabs.tsx
FN:14,TabPanel
FN:34,TabContainer
FN:41,(anonymous_5)
FN:50,a11yProps
FN:64,(anonymous_7)
FN:70,(anonymous_8)
FNF:6
FNH:6
FNDA:15,TabPanel
FNDA:8,TabContainer
FNDA:2,(anonymous_5)
FNDA:14,a11yProps
FNDA:14,(anonymous_7)
FNDA:14,(anonymous_8)
DA:1,1
DA:2,1
DA:15,43
DA:17,14
DA:38,15
DA:39,7
DA:41,7
DA:42,2
DA:51,14
DA:56,7
DA:65,14
DA:71,14
DA:81,1
LF:13
LH:13
BRDA:25,0,0,14
BRDA:25,0,1,7
BRF:2
BRH:2
end_of_record
TN:
SF:src/utils/index.ts
FN:52,(anonymous_13)
FN:58,(anonymous_14)
FN:63,(anonymous_15)
FN:74,(anonymous_18)
FN:79,(anonymous_19)
FN:85,(anonymous_20)
FN:86,(anonymous_21)
FN:103,(anonymous_22)
FN:110,(anonymous_23)
FNF:9
FNH:4
FNDA:4,(anonymous_13)
FNDA:4,(anonymous_14)
FNDA:0,(anonymous_15)
FNDA:0,(anonymous_18)
FNDA:0,(anonymous_19)
FNDA:7,(anonymous_20)
FNDA:7,(anonymous_21)
FNDA:0,(anonymous_22)
FNDA:0,(anonymous_23)
DA:52,4
DA:53,4
DA:54,4
DA:55,4
DA:58,4
DA:59,4
DA:60,4
DA:63,4
DA:64,0
DA:65,0
DA:66,0
DA:67,0
DA:70,0
DA:71,0
DA:74,4
DA:75,0
DA:76,0
DA:79,4
DA:80,0
DA:81,0
DA:85,4
DA:86,7
DA:87,7
DA:103,4
DA:104,0
DA:105,0
DA:106,0
DA:107,0
DA:110,4
DA:111,0
DA:112,0
DA:115,0
DA:118,4
DA:126,4
DA:127,4
DA:128,4
DA:129,4
DA:131,4
DA:132,4
DA:133,4
LF:40
LH:23
BRDA:52,0,0,4
BRDA:52,0,1,4
BRDA:58,1,0,4
BRDA:58,1,1,4
BRDA:64,2,0,0
BRDA:64,2,1,0
BRDA:66,3,0,0
BRDA:66,4,0,0
BRDA:66,4,1,0
BRDA:66,5,0,0
BRDA:66,5,1,0
BRDA:111,6,0,0
BRF:12
BRH:4
end_of_record
